adapter_net/build/intermediates/manifest_merge_blame_file/debug/manifest-merger-blame-debug-report.txt
1<?xml version="1.0" encoding="utf-8"?>
2<manifest xmlns:android="http://schemas.android.com/apk/res/android"
3    package="com.assistant.adapter.net"
4    android:versionCode="1"
5    android:versionName="1.0" >
6
7    <uses-sdk
8        android:minSdkVersion="26"
9        android:targetSdkVersion="36" />
10
11    <uses-permission android:name="android.permission.FOREGROUND_SERVICE" />
11-->src/main/AndroidManifest.xml:4:5-77
11-->src/main/AndroidManifest.xml:4:22-74
12    <uses-permission android:name="android.permission.FOREGROUND_SERVICE_SPECIAL_USE" />
12-->src/main/AndroidManifest.xml:5:5-89
12-->src/main/AndroidManifest.xml:5:22-86
13
14    <permission
14-->[androidx.core:core:1.13.0] AndroidManifest.xml:22:5-24:47
15        android:name="com.assistant.adapter.net.DYNAMIC_RECEIVER_NOT_EXPORTED_PERMISSION"
15-->[androidx.core:core:1.13.0] AndroidManifest.xml:23:9-81
16        android:protectionLevel="signature" />
16-->[androidx.core:core:1.13.0] AndroidManifest.xml:24:9-44
17
18    <uses-permission android:name="com.assistant.adapter.net.DYNAMIC_RECEIVER_NOT_EXPORTED_PERMISSION" />
18-->[androidx.core:core:1.13.0] AndroidManifest.xml:26:5-97
18-->[androidx.core:core:1.13.0] AndroidManifest.xml:26:22-94
19
20    <application
20-->src/main/AndroidManifest.xml:7:5-21:19
21        android:allowBackup="false"
21-->src/main/AndroidManifest.xml:8:9-36
22        android:appComponentFactory="androidx.core.app.CoreComponentFactory"
22-->[androidx.core:core:1.13.0] AndroidManifest.xml:28:18-86
23        android:debuggable="true"
24        android:extractNativeLibs="false"
25        android:hardwareAccelerated="true"
25-->src/main/AndroidManifest.xml:11:9-43
26        android:icon="@drawable/ic_extension"
26-->src/main/AndroidManifest.xml:9:9-46
27        android:label="Splendor Net Adapter" >
27-->src/main/AndroidManifest.xml:10:9-45
28        <service
28-->src/main/AndroidManifest.xml:13:9-20:19
29            android:name="com.assistant.adapter.net.NetAdapterService"
29-->src/main/AndroidManifest.xml:14:13-46
30            android:exported="true"
30-->src/main/AndroidManifest.xml:15:13-36
31            android:foregroundServiceType="specialUse"
31-->src/main/AndroidManifest.xml:17:13-55
32            android:process=":kernel_net" >
32-->src/main/AndroidManifest.xml:16:13-42
33            <property
33-->src/main/AndroidManifest.xml:18:13-19:115
34                android:name="android.app.PROPERTY_SPECIAL_USE_FGS_SUBTYPE"
34-->src/main/AndroidManifest.xml:18:23-82
35                android:value="Asynchronous data transmission balancing and routing telemetry processing." />
35-->src/main/AndroidManifest.xml:19:23-113
36        </service>
37
38        <provider
38-->[androidx.emoji2:emoji2:1.3.0] AndroidManifest.xml:24:9-32:20
39            android:name="androidx.startup.InitializationProvider"
39-->[androidx.emoji2:emoji2:1.3.0] AndroidManifest.xml:25:13-67
40            android:authorities="com.assistant.adapter.net.androidx-startup"
40-->[androidx.emoji2:emoji2:1.3.0] AndroidManifest.xml:26:13-68
41            android:exported="false" >
41-->[androidx.emoji2:emoji2:1.3.0] AndroidManifest.xml:27:13-37
42            <meta-data
42-->[androidx.emoji2:emoji2:1.3.0] AndroidManifest.xml:29:13-31:52
43                android:name="androidx.emoji2.text.EmojiCompatInitializer"
43-->[androidx.emoji2:emoji2:1.3.0] AndroidManifest.xml:30:17-75
44                android:value="androidx.startup" />
44-->[androidx.emoji2:emoji2:1.3.0] AndroidManifest.xml:31:17-49
45            <meta-data
45-->[androidx.lifecycle:lifecycle-process:2.6.2] AndroidManifest.xml:29:13-31:52
46                android:name="androidx.lifecycle.ProcessLifecycleInitializer"
46-->[androidx.lifecycle:lifecycle-process:2.6.2] AndroidManifest.xml:30:17-78
47                android:value="androidx.startup" />
47-->[androidx.lifecycle:lifecycle-process:2.6.2] AndroidManifest.xml:31:17-49
48            <meta-data
48-->[androidx.profileinstaller:profileinstaller:1.3.1] AndroidManifest.xml:29:13-31:52
49                android:name="androidx.profileinstaller.ProfileInstallerInitializer"
49-->[androidx.profileinstaller:profileinstaller:1.3.1] AndroidManifest.xml:30:17-85
50                android:value="androidx.startup" />
50-->[androidx.profileinstaller:profileinstaller:1.3.1] AndroidManifest.xml:31:17-49
51        </provider>
52
53        <receiver
53-->[androidx.profileinstaller:profileinstaller:1.3.1] AndroidManifest.xml:34:9-52:20
54            android:name="androidx.profileinstaller.ProfileInstallReceiver"
54-->[androidx.profileinstaller:profileinstaller:1.3.1] AndroidManifest.xml:35:13-76
55            android:directBootAware="false"
55-->[androidx.profileinstaller:profileinstaller:1.3.1] AndroidManifest.xml:36:13-44
56            android:enabled="true"
56-->[androidx.profileinstaller:profileinstaller:1.3.1] AndroidManifest.xml:37:13-35
57            android:exported="true"
57-->[androidx.profileinstaller:profileinstaller:1.3.1] AndroidManifest.xml:38:13-36
58            android:permission="android.permission.DUMP" >
58-->[androidx.profileinstaller:profileinstaller:1.3.1] AndroidManifest.xml:39:13-57
59            <intent-filter>
59-->[androidx.profileinstaller:profileinstaller:1.3.1] AndroidManifest.xml:40:13-42:29
60                <action android:name="androidx.profileinstaller.action.INSTALL_PROFILE" />
60-->[androidx.profileinstaller:profileinstaller:1.3.1] AndroidManifest.xml:41:17-91
60-->[androidx.profileinstaller:profileinstaller:1.3.1] AndroidManifest.xml:41:25-88
61            </intent-filter>
62            <intent-filter>
62-->[androidx.profileinstaller:profileinstaller:1.3.1] AndroidManifest.xml:43:13-45:29
63                <action android:name="androidx.profileinstaller.action.SKIP_FILE" />
63-->[androidx.profileinstaller:profileinstaller:1.3.1] AndroidManifest.xml:44:17-85
63-->[androidx.profileinstaller:profileinstaller:1.3.1] AndroidManifest.xml:44:25-82
64            </intent-filter>
65            <intent-filter>
65-->[androidx.profileinstaller:profileinstaller:1.3.1] AndroidManifest.xml:46:13-48:29
66                <action android:name="androidx.profileinstaller.action.SAVE_PROFILE" />
66-->[androidx.profileinstaller:profileinstaller:1.3.1] AndroidManifest.xml:47:17-88
66-->[androidx.profileinstaller:profileinstaller:1.3.1] AndroidManifest.xml:47:25-85
67            </intent-filter>
68            <intent-filter>
68-->[androidx.profileinstaller:profileinstaller:1.3.1] AndroidManifest.xml:49:13-51:29
69                <action android:name="androidx.profileinstaller.action.BENCHMARK_OPERATION" />
69-->[androidx.profileinstaller:profileinstaller:1.3.1] AndroidManifest.xml:50:17-95
69-->[androidx.profileinstaller:profileinstaller:1.3.1] AndroidManifest.xml:50:25-92
70            </intent-filter>
71        </receiver>
72    </application>
73
74</manifest>